srcscan starts
=============== Using vdb files for VHDL std libs ===========
INFO: The vhdl library search path for library "std" is now "C:/Xilinx/Vivado/2018.2/data/precomp_hsv/vhdl/std" (VHDL-1505)
INFO: The vhdl library search path for library "synopsys" is now "C:/Xilinx/Vivado/2018.2/data/precomp_hsv/vhdl/synopsys" (VHDL-1505)
INFO: The vhdl library search path for library "ieee" is now "C:/Xilinx/Vivado/2018.2/data/precomp_hsv/vhdl/ieee" (VHDL-1505)
INFO: The vhdl library search path for library "unimacro" is now "C:/Xilinx/Vivado/2018.2/data/precomp_hsv/vhdl/unimacro" (VHDL-1505)
INFO: The vhdl library search path for library "unisim" is now "C:/Xilinx/Vivado/2018.2/data/precomp_hsv/vhdl/unisim" (VHDL-1505)
INFO: The vhdl library search path for library "vl" is now "C:/Xilinx/Vivado/2018.2/data/precomp_hsv/vhdl/vl" (VHDL-1505)
INFO: The vhdl library search path for library "xpm" is now "C:/Xilinx/Vivado/2018.2/data/precomp_hsv/vhdl/xpm" (VHDL-1505)
ERROR: cannot open verilog file C:/Users/gunit/AppData/Local/Temp/VivadoEditorAssist2464972186980337563.tmp (SORT-1002)
ERROR: cannot open verilog file C:/Users/gunit/AppData/Local/Temp/VivadoEditorAssist5517625903649784427.tmp (SORT-1002)
ERROR: cannot open verilog file C:/Users/gunit/AppData/Local/Temp/VivadoEditorAssist2747720196992129602.tmp (SORT-1002)
ERROR: cannot open verilog file C:/Users/gunit/AppData/Local/Temp/VivadoEditorAssist7740117252444836469.tmp (SORT-1002)
ERROR: cannot open verilog file C:/Users/gunit/AppData/Local/Temp/VivadoEditorAssist1840131270700875328.tmp (SORT-1002)
ERROR: cannot open verilog file C:/Users/gunit/AppData/Local/Temp/VivadoEditorAssist6275208918459179128.tmp (SORT-1002)
ERROR: cannot open verilog file C:/Users/gunit/AppData/Local/Temp/VivadoEditorAssist2464972186980337563.tmp (VERI-1517)
ERROR: cannot open verilog file C:/Users/gunit/AppData/Local/Temp/VivadoEditorAssist5517625903649784427.tmp (VERI-1517)
INFO: analyzing module clock100 (VERI-9002)
ERROR: cannot open verilog file C:/Users/gunit/AppData/Local/Temp/VivadoEditorAssist2747720196992129602.tmp (VERI-1517)
INFO: analyzing module clk_voice (VERI-9002)
INFO: analyzing module dff (VERI-9002)
ERROR: cannot open verilog file C:/Users/gunit/AppData/Local/Temp/VivadoEditorAssist7740117252444836469.tmp (VERI-1517)
ERROR: cannot open verilog file C:/Users/gunit/AppData/Local/Temp/VivadoEditorAssist1840131270700875328.tmp (VERI-1517)
ERROR: cannot open verilog file C:/Users/gunit/AppData/Local/Temp/VivadoEditorAssist6275208918459179128.tmp (VERI-1517)
INFO: analyzing module thin_oled_borders (VERI-9002)
INFO: analyzing module oled_mux (VERI-9002)
INFO: analyzing module thick_oled_borders (VERI-9002)
INFO: analyzing module multiplexer (VERI-9002)
INFO: analyzing module dff_module (VERI-9002)
srcscan exits with return value 0
