#-----------------------------------------------------------
# Vivado v2018.2 (64-bit)
# SW Build 2258646 on Thu Jun 14 20:03:12 MDT 2018
# IP Build 2256618 on Thu Jun 14 22:10:49 MDT 2018
# Start of session at: Fri Apr  3 19:54:05 2020
# Process ID: 16812
# Current directory: C:/Users/gunit/Downloads/SoundDisplay
# Command line: vivado.exe -gui_launcher_event rodinguilauncherevent17240 C:\Users\gunit\Downloads\SoundDisplay\SoundDisplay.xpr
# Log file: C:/Users/gunit/Downloads/SoundDisplay/vivado.log
# Journal file: C:/Users/gunit/Downloads/SoundDisplay\vivado.jou
#-----------------------------------------------------------
start_gui
open_project C:/Users/gunit/Downloads/SoundDisplay/SoundDisplay.xpr
INFO: [Project 1-313] Project file moved from 'C:/Users/Shreyas/Desktop/SoundDisplay' since last save.
Scanning sources...
Finished scanning sources
INFO: [IP_Flow 19-234] Refreshing IP repositories
INFO: [IP_Flow 19-1704] No user IP repositories specified
INFO: [IP_Flow 19-2313] Loaded Vivado IP repository 'C:/Xilinx/Vivado/2018.2/data/ip'.
open_project: Time (s): cpu = 00:00:15 ; elapsed = 00:00:08 . Memory (MB): peak = 836.082 ; gain = 82.637
update_compile_order -fileset sources_1
exit
INFO: [Common 17-206] Exiting Vivado at Fri Apr  3 19:55:12 2020...

