#-----------------------------------------------------------
# Vivado v2018.2 (64-bit)
# SW Build 2258646 on Thu Jun 14 20:03:12 MDT 2018
# IP Build 2256618 on Thu Jun 14 22:10:49 MDT 2018
# Start of session at: Wed Apr  1 18:10:20 2020
# Process ID: 20472
# Current directory: C:/Users/gunit/Downloads/SoundDisplay
# Command line: vivado.exe -gui_launcher_event rodinguilauncherevent18864 C:\Users\gunit\Downloads\SoundDisplay\SoundDisplay.xpr
# Log file: C:/Users/gunit/Downloads/SoundDisplay/vivado.log
# Journal file: C:/Users/gunit/Downloads/SoundDisplay\vivado.jou
#-----------------------------------------------------------
start_gui
open_project C:/Users/gunit/Downloads/SoundDisplay/SoundDisplay.xpr
INFO: [Project 1-313] Project file moved from 'C:/Users/Shreyas/Desktop/SoundDisplay' since last save.
Scanning sources...
Finished scanning sources
INFO: [IP_Flow 19-234] Refreshing IP repositories
INFO: [IP_Flow 19-1704] No user IP repositories specified
INFO: [IP_Flow 19-2313] Loaded Vivado IP repository 'C:/Xilinx/Vivado/2018.2/data/ip'.
open_project: Time (s): cpu = 00:00:12 ; elapsed = 00:00:05 . Memory (MB): peak = 901.508 ; gain = 158.703
update_compile_order -fileset sources_1
exit
INFO: [Common 17-206] Exiting Vivado at Wed Apr  1 19:15:48 2020...
