#-----------------------------------------------------------
# Vivado v2018.2 (64-bit)
# SW Build 2258646 on Thu Jun 14 20:03:12 MDT 2018
# IP Build 2256618 on Thu Jun 14 22:10:49 MDT 2018
# Start of session at: Wed Mar 25 13:10:53 2020
# Process ID: 21928
# Current directory: C:/Users/gunit/Downloads/SoundDisplay/SoundDisplay
# Command line: vivado.exe -gui_launcher_event rodinguilauncherevent30532 C:\Users\gunit\Downloads\SoundDisplay\SoundDisplay\SoundDisplay.xpr
# Log file: C:/Users/gunit/Downloads/SoundDisplay/SoundDisplay/vivado.log
# Journal file: C:/Users/gunit/Downloads/SoundDisplay/SoundDisplay\vivado.jou
#-----------------------------------------------------------
start_gui
open_project C:/Users/gunit/Downloads/SoundDisplay/SoundDisplay/SoundDisplay.xpr
INFO: [Project 1-313] Project file moved from 'C:/Users/Shreyas/Desktop/SoundDisplay.xpr/SoundDisplay' since last save.
Scanning sources...
Finished scanning sources
INFO: [IP_Flow 19-234] Refreshing IP repositories
INFO: [IP_Flow 19-1704] No user IP repositories specified
INFO: [IP_Flow 19-2313] Loaded Vivado IP repository 'C:/Xilinx/Vivado/2018.2/data/ip'.
open_project: Time (s): cpu = 00:00:18 ; elapsed = 00:00:09 . Memory (MB): peak = 880.348 ; gain = 143.664
update_compile_order -fileset sources_1
export_ip_user_files -of_objects  [get_files C:/Users/gunit/Downloads/SoundDisplay/SoundDisplay/SoundDisplay.srcs/sources_1/new/volume_indicator.v] -no_script -reset -force -quiet
remove_files  C:/Users/gunit/Downloads/SoundDisplay/SoundDisplay/SoundDisplay.srcs/sources_1/new/volume_indicator.v
exit
