#-----------------------------------------------------------
# Vivado v2018.2 (64-bit)
# SW Build 2258646 on Thu Jun 14 20:03:12 MDT 2018
# IP Build 2256618 on Thu Jun 14 22:10:49 MDT 2018
# Start of session at: Fri Mar 20 18:20:24 2020
# Process ID: 20996
# Current directory: C:/Users/Shreyas/Desktop/SoundDisplay.xpr/SoundDisplay
# Command line: vivado.exe -gui_launcher_event rodinguilauncherevent22524 C:\Users\Shreyas\Desktop\SoundDisplay.xpr\SoundDisplay\SoundDisplay.xpr
# Log file: C:/Users/Shreyas/Desktop/SoundDisplay.xpr/SoundDisplay/vivado.log
# Journal file: C:/Users/Shreyas/Desktop/SoundDisplay.xpr/SoundDisplay\vivado.jou
#-----------------------------------------------------------
start_gui
open_project C:/Users/Shreyas/Desktop/SoundDisplay.xpr/SoundDisplay/SoundDisplay.xpr
Scanning sources...
Finished scanning sources
INFO: [IP_Flow 19-234] Refreshing IP repositories
INFO: [IP_Flow 19-1704] No user IP repositories specified
INFO: [IP_Flow 19-2313] Loaded Vivado IP repository 'C:/Users/Shreyas/Documents/Vivado/2018.2/data/ip'.
open_project: Time (s): cpu = 00:00:11 ; elapsed = 00:00:06 . Memory (MB): peak = 898.703 ; gain = 153.660
update_compile_order -fileset sources_1
exit
INFO: [Common 17-206] Exiting Vivado at Fri Mar 20 22:26:14 2020...
