#-----------------------------------------------------------
# Vivado v2018.2 (64-bit)
# SW Build 2258646 on Thu Jun 14 20:03:12 MDT 2018
# IP Build 2256618 on Thu Jun 14 22:10:49 MDT 2018
# Start of session at: Wed Mar 25 13:18:58 2020
# Process ID: 14124
# Current directory: C:/Users/gunit/Downloads/SoundDisplay/SoundDisplay
# Command line: vivado.exe -gui_launcher_event rodinguilauncherevent14904 C:\Users\gunit\Downloads\SoundDisplay\SoundDisplay\SoundDisplay.xpr
# Log file: C:/Users/gunit/Downloads/SoundDisplay/SoundDisplay/vivado.log
# Journal file: C:/Users/gunit/Downloads/SoundDisplay/SoundDisplay\vivado.jou
#-----------------------------------------------------------
start_gui
open_project C:/Users/gunit/Downloads/SoundDisplay/SoundDisplay/SoundDisplay.xpr
Scanning sources...
Finished scanning sources
INFO: [IP_Flow 19-234] Refreshing IP repositories
INFO: [IP_Flow 19-1704] No user IP repositories specified
INFO: [IP_Flow 19-2313] Loaded Vivado IP repository 'C:/Xilinx/Vivado/2018.2/data/ip'.
open_project: Time (s): cpu = 00:00:15 ; elapsed = 00:00:07 . Memory (MB): peak = 876.531 ; gain = 145.984
update_compile_order -fileset sources_1
export_ip_user_files -of_objects  [get_files C:/Users/gunit/Downloads/SoundDisplay/SoundDisplay/SoundDisplay.srcs/sources_1/new/thick_oled_borders.v] -no_script -reset -force -quiet
remove_files  C:/Users/gunit/Downloads/SoundDisplay/SoundDisplay/SoundDisplay.srcs/sources_1/new/thick_oled_borders.v
file delete -force C:/Users/gunit/Downloads/SoundDisplay/SoundDisplay/SoundDisplay.srcs/sources_1/new/thick_oled_borders.v
export_ip_user_files -of_objects  [get_files C:/Users/gunit/Downloads/SoundDisplay/SoundDisplay/SoundDisplay.srcs/sources_1/new/oled_borders.v] -no_script -reset -force -quiet
remove_files  C:/Users/gunit/Downloads/SoundDisplay/SoundDisplay/SoundDisplay.srcs/sources_1/new/oled_borders.v
file delete -force C:/Users/gunit/Downloads/SoundDisplay/SoundDisplay/SoundDisplay.srcs/sources_1/new/oled_borders.v
exit
INFO: [Common 17-206] Exiting Vivado at Wed Mar 25 16:43:00 2020...
